2022-11-26 21:23:02,889 [Worker-4: Loading available Gradle versions] INFO  o.e.b.c.i.u.g.PublishedGradleVersions - Gradle version information cache is out-of-date. Trying to update.
2022-11-26 21:27:10,737 [Worker-5: Import Getting Started Content] INFO  o.e.m.c.i.l.LifecycleMappingFactory - Using org.eclipse.m2e.jdt.JarLifecycleMapping lifecycle mapping for MavenProject: com.cab:Online_Cab_Booking_System:0.0.1-SNAPSHOT @ C:\Users\Rupesh\Desktop\Online_cab_Booking\Online_Cab_Booking_System\pom.xml.
2022-11-26 21:27:14,385 [Worker-5: Import Getting Started Content] INFO  o.e.m.c.i.e.AbstractTransferListenerAdapter - Downloading https://repo.maven.apache.org/maven2/org/springframework/boot/spring-boot-starter-validation/2.7.6/spring-boot-starter-validation-2.7.6.pom
2022-11-26 21:27:14,771 [Worker-5: Import Getting Started Content] INFO  o.e.m.c.i.e.AbstractTransferListenerAdapter - Downloaded https://repo.maven.apache.org/maven2/org/springframework/boot/spring-boot-starter-validation/2.7.6/spring-boot-starter-validation-2.7.6.pom
2022-11-26 21:27:16,925 [Worker-5: Import Getting Started Content] INFO  o.e.m.c.i.e.AbstractTransferListenerAdapter - Downloading https://repo.maven.apache.org/maven2/org/springframework/boot/spring-boot-starter-validation/2.7.6/spring-boot-starter-validation-2.7.6.jar
2022-11-26 21:27:17,193 [Worker-5: Import Getting Started Content] INFO  o.e.m.c.i.e.AbstractTransferListenerAdapter - Downloaded https://repo.maven.apache.org/maven2/org/springframework/boot/spring-boot-starter-validation/2.7.6/spring-boot-starter-validation-2.7.6.jar
2022-11-26 21:27:26,201 [Worker-5: Import Getting Started Content] INFO  o.e.m.j.i.AbstractJavaProjectConfigurator - Adding source folder /Online_Cab_Booking_System/src/main/java
2022-11-26 21:27:26,203 [Worker-5: Import Getting Started Content] INFO  o.e.m.j.i.AbstractJavaProjectConfigurator - Adding resource folder /Online_Cab_Booking_System/src/main/resources
2022-11-26 21:27:26,234 [Worker-5: Import Getting Started Content] INFO  o.e.m.j.i.AbstractJavaProjectConfigurator - Adding resource folder /Online_Cab_Booking_System/src/main/resources
2022-11-26 21:27:26,262 [Worker-5: Import Getting Started Content] INFO  o.e.m.j.i.AbstractJavaProjectConfigurator - Adding source folder /Online_Cab_Booking_System/src/test/java
2022-11-26 21:27:26,598 [Worker-1: Download sources and javadoc] INFO  o.e.m.c.i.e.AbstractTransferListenerAdapter - Downloading https://repo.maven.apache.org/maven2/org/springframework/boot/spring-boot-starter-validation/2.7.6/spring-boot-starter-validation-2.7.6-sources.jar
2022-11-26 21:27:26,993 [Worker-1: Download sources and javadoc] INFO  o.e.m.c.i.e.AbstractTransferListenerAdapter - Downloaded https://repo.maven.apache.org/maven2/org/springframework/boot/spring-boot-starter-validation/2.7.6/spring-boot-starter-validation-2.7.6-sources.jar
2022-11-26 21:27:27,001 [Worker-1: Download sources and javadoc] INFO  o.e.m.j.internal.DownloadSourcesJob - Downloaded sources for org.springframework.boot:spring-boot-starter-validation:2.7.6
2022-11-26 21:27:34,226 [Worker-5: Import Getting Started Content] INFO  o.e.m.c.i.p.ProjectConfigurationManager - Imported and configured 1 project(s) in 29 sec
2022-11-26 21:27:34,236 [Worker-5: Import Getting Started Content] INFO  o.e.m.c.i.p.ProjectConfigurationManager - Update started
2022-11-26 21:27:35,542 [Worker-5: Import Getting Started Content] INFO  o.e.m.c.i.l.LifecycleMappingFactory - Using org.eclipse.m2e.jdt.JarLifecycleMapping lifecycle mapping for MavenProject: com.cab:Online_Cab_Booking_System:0.0.1-SNAPSHOT @ C:\Users\Rupesh\Desktop\Online_cab_Booking\Online_Cab_Booking_System\pom.xml.
2022-11-26 21:27:37,926 [Worker-5: Import Getting Started Content] INFO  o.e.m.j.i.AbstractJavaProjectConfigurator - Adding source folder /Online_Cab_Booking_System/src/main/java
2022-11-26 21:27:37,927 [Worker-5: Import Getting Started Content] INFO  o.e.m.j.i.AbstractJavaProjectConfigurator - Adding resource folder /Online_Cab_Booking_System/src/main/resources
2022-11-26 21:27:37,928 [Worker-5: Import Getting Started Content] INFO  o.e.m.j.i.AbstractJavaProjectConfigurator - Adding resource folder /Online_Cab_Booking_System/src/main/resources
2022-11-26 21:27:37,930 [Worker-5: Import Getting Started Content] INFO  o.e.m.j.i.AbstractJavaProjectConfigurator - Adding source folder /Online_Cab_Booking_System/src/test/java
2022-11-26 21:27:38,856 [Worker-5: Import Getting Started Content] INFO  o.e.m.c.i.p.ProjectConfigurationManager - Update completed: 4 sec
2022-11-26 21:27:40,839 [Worker-6: Building] INFO  o.e.m.c.i.embedder.EclipseLogger - Using 'UTF-8' encoding to copy filtered resources.
2022-11-26 21:27:40,840 [Worker-6: Building] INFO  o.e.m.c.i.embedder.EclipseLogger - Using 'UTF-8' encoding to copy filtered properties files.
2022-11-26 21:27:40,848 [Worker-6: Building] INFO  o.e.m.c.i.embedder.EclipseLogger - Copying 1 resource
2022-11-26 21:27:40,875 [Worker-6: Building] INFO  o.e.m.c.i.embedder.EclipseLogger - Copying 0 resource
2022-11-26 21:27:40,884 [Worker-6: Building] INFO  o.e.m.c.i.embedder.EclipseLogger - Using 'UTF-8' encoding to copy filtered resources.
2022-11-26 21:27:40,884 [Worker-6: Building] INFO  o.e.m.c.i.embedder.EclipseLogger - Using 'UTF-8' encoding to copy filtered properties files.
2022-11-26 21:27:40,885 [Worker-6: Building] INFO  o.e.m.c.i.embedder.EclipseLogger - skip non existing resourceDirectory C:\Users\Rupesh\Desktop\Online_cab_Booking\Online_Cab_Booking_System\src\test\resources
2022-11-26 21:29:09,284 [Worker-2: Building] INFO  o.e.m.c.i.l.LifecycleMappingFactory - Using org.eclipse.m2e.jdt.JarLifecycleMapping lifecycle mapping for MavenProject: com.cab:Online_Cab_Booking_System:0.0.1-SNAPSHOT @ C:\Users\Rupesh\Desktop\Online_cab_Booking\Online_Cab_Booking_System\pom.xml.
2022-11-26 21:29:10,634 [Worker-2: Building] INFO  o.e.m.c.i.embedder.EclipseLogger - Using 'UTF-8' encoding to copy filtered resources.
2022-11-26 21:29:10,635 [Worker-2: Building] INFO  o.e.m.c.i.embedder.EclipseLogger - Using 'UTF-8' encoding to copy filtered properties files.
2022-11-26 21:29:10,641 [Worker-2: Building] INFO  o.e.m.c.i.embedder.EclipseLogger - Copying 0 resource
2022-11-26 21:29:10,642 [Worker-2: Building] INFO  o.e.m.c.i.embedder.EclipseLogger - Copying 0 resource
2022-11-26 21:29:10,651 [Worker-2: Building] INFO  o.e.m.c.i.embedder.EclipseLogger - Using 'UTF-8' encoding to copy filtered resources.
2022-11-26 21:29:10,651 [Worker-2: Building] INFO  o.e.m.c.i.embedder.EclipseLogger - Using 'UTF-8' encoding to copy filtered properties files.
2022-11-26 21:29:10,651 [Worker-2: Building] INFO  o.e.m.c.i.embedder.EclipseLogger - skip non existing resourceDirectory C:\Users\Rupesh\Desktop\Online_cab_Booking\Online_Cab_Booking_System\src\test\resources
2022-11-26 21:29:12,908 [Worker-8: Building] INFO  o.e.m.c.i.embedder.EclipseLogger - Using 'UTF-8' encoding to copy filtered resources.
2022-11-26 21:29:12,909 [Worker-8: Building] INFO  o.e.m.c.i.embedder.EclipseLogger - Using 'UTF-8' encoding to copy filtered properties files.
2022-11-26 21:29:12,914 [Worker-8: Building] INFO  o.e.m.c.i.embedder.EclipseLogger - Copying 1 resource
2022-11-26 21:29:12,944 [Worker-8: Building] INFO  o.e.m.c.i.embedder.EclipseLogger - Copying 0 resource
2022-11-26 21:29:12,951 [Worker-8: Building] INFO  o.e.m.c.i.embedder.EclipseLogger - Using 'UTF-8' encoding to copy filtered resources.
2022-11-26 21:29:12,952 [Worker-8: Building] INFO  o.e.m.c.i.embedder.EclipseLogger - Using 'UTF-8' encoding to copy filtered properties files.
2022-11-26 21:29:12,952 [Worker-8: Building] INFO  o.e.m.c.i.embedder.EclipseLogger - skip non existing resourceDirectory C:\Users\Rupesh\Desktop\Online_cab_Booking\Online_Cab_Booking_System\src\test\resources
2022-11-26 21:29:32,559 [Worker-2: Updating Maven Project] INFO  o.e.m.c.i.p.ProjectConfigurationManager - Update started
2022-11-26 21:29:33,306 [Worker-2: Updating Maven Project] INFO  o.e.m.c.i.l.LifecycleMappingFactory - Using org.eclipse.m2e.jdt.JarLifecycleMapping lifecycle mapping for MavenProject: com.cab:Online_Cab_Booking_System:0.0.1-SNAPSHOT @ C:\Users\Rupesh\Desktop\Online_cab_Booking\Online_Cab_Booking_System\pom.xml.
2022-11-26 21:29:34,421 [Worker-2: Updating Maven Project] INFO  o.e.m.j.i.AbstractJavaProjectConfigurator - Adding source folder /Online_Cab_Booking_System/src/main/java
2022-11-26 21:29:34,422 [Worker-2: Updating Maven Project] INFO  o.e.m.j.i.AbstractJavaProjectConfigurator - Adding resource folder /Online_Cab_Booking_System/src/main/resources
2022-11-26 21:29:34,423 [Worker-2: Updating Maven Project] INFO  o.e.m.j.i.AbstractJavaProjectConfigurator - Adding resource folder /Online_Cab_Booking_System/src/main/resources
2022-11-26 21:29:34,426 [Worker-2: Updating Maven Project] INFO  o.e.m.j.i.AbstractJavaProjectConfigurator - Adding source folder /Online_Cab_Booking_System/src/test/java
2022-11-26 21:29:35,154 [Worker-2: Updating Maven Project] INFO  o.e.m.c.i.p.ProjectConfigurationManager - Update completed: 2 sec
2022-11-26 21:29:35,723 [Worker-7: Building] INFO  o.e.m.c.i.embedder.EclipseLogger - Using 'UTF-8' encoding to copy filtered resources.
2022-11-26 21:29:35,724 [Worker-7: Building] INFO  o.e.m.c.i.embedder.EclipseLogger - Using 'UTF-8' encoding to copy filtered properties files.
2022-11-26 21:29:35,725 [Worker-7: Building] INFO  o.e.m.c.i.embedder.EclipseLogger - Copying 1 resource
2022-11-26 21:29:35,761 [Worker-7: Building] INFO  o.e.m.c.i.embedder.EclipseLogger - Copying 0 resource
2022-11-26 21:29:35,771 [Worker-7: Building] INFO  o.e.m.c.i.embedder.EclipseLogger - Using 'UTF-8' encoding to copy filtered resources.
2022-11-26 21:29:35,771 [Worker-7: Building] INFO  o.e.m.c.i.embedder.EclipseLogger - Using 'UTF-8' encoding to copy filtered properties files.
2022-11-26 21:29:35,771 [Worker-7: Building] INFO  o.e.m.c.i.embedder.EclipseLogger - skip non existing resourceDirectory C:\Users\Rupesh\Desktop\Online_cab_Booking\Online_Cab_Booking_System\src\test\resources
2022-11-26 21:29:58,399 [Worker-8: Building] INFO  o.e.m.c.i.embedder.EclipseLogger - Using 'UTF-8' encoding to copy filtered resources.
2022-11-26 21:29:58,400 [Worker-8: Building] INFO  o.e.m.c.i.embedder.EclipseLogger - Using 'UTF-8' encoding to copy filtered properties files.
2022-11-26 21:29:58,402 [Worker-8: Building] INFO  o.e.m.c.i.embedder.EclipseLogger - Copying 0 resource
2022-11-26 21:29:58,403 [Worker-8: Building] INFO  o.e.m.c.i.embedder.EclipseLogger - Copying 0 resource
2022-11-26 21:29:58,409 [Worker-8: Building] INFO  o.e.m.c.i.embedder.EclipseLogger - Using 'UTF-8' encoding to copy filtered resources.
2022-11-26 21:29:58,409 [Worker-8: Building] INFO  o.e.m.c.i.embedder.EclipseLogger - Using 'UTF-8' encoding to copy filtered properties files.
2022-11-26 21:29:58,410 [Worker-8: Building] INFO  o.e.m.c.i.embedder.EclipseLogger - skip non existing resourceDirectory C:\Users\Rupesh\Desktop\Online_cab_Booking\Online_Cab_Booking_System\src\test\resources
2022-11-26 21:30:48,823 [Worker-5: Launching Online_Cab_Booking_System - OnlineCabBookingSystemApplication] INFO  o.e.m.c.i.embedder.EclipseLogger - Using 'UTF-8' encoding to copy filtered resources.
2022-11-26 21:30:48,824 [Worker-5: Launching Online_Cab_Booking_System - OnlineCabBookingSystemApplication] INFO  o.e.m.c.i.embedder.EclipseLogger - Using 'UTF-8' encoding to copy filtered properties files.
2022-11-26 21:30:48,826 [Worker-5: Launching Online_Cab_Booking_System - OnlineCabBookingSystemApplication] INFO  o.e.m.c.i.embedder.EclipseLogger - Copying 1 resource
2022-11-26 21:30:48,839 [Worker-5: Launching Online_Cab_Booking_System - OnlineCabBookingSystemApplication] INFO  o.e.m.c.i.embedder.EclipseLogger - Copying 0 resource
2022-11-26 21:30:48,847 [Worker-5: Launching Online_Cab_Booking_System - OnlineCabBookingSystemApplication] INFO  o.e.m.c.i.embedder.EclipseLogger - Using 'UTF-8' encoding to copy filtered resources.
2022-11-26 21:30:48,847 [Worker-5: Launching Online_Cab_Booking_System - OnlineCabBookingSystemApplication] INFO  o.e.m.c.i.embedder.EclipseLogger - Using 'UTF-8' encoding to copy filtered properties files.
2022-11-26 21:30:48,848 [Worker-5: Launching Online_Cab_Booking_System - OnlineCabBookingSystemApplication] INFO  o.e.m.c.i.embedder.EclipseLogger - skip non existing resourceDirectory C:\Users\Rupesh\Desktop\Online_cab_Booking\Online_Cab_Booking_System\src\test\resources
2022-11-26 21:32:13,782 [Worker-9: Building] INFO  o.e.m.c.i.embedder.EclipseLogger - Using 'UTF-8' encoding to copy filtered resources.
2022-11-26 21:32:13,783 [Worker-9: Building] INFO  o.e.m.c.i.embedder.EclipseLogger - Using 'UTF-8' encoding to copy filtered properties files.
2022-11-26 21:32:13,785 [Worker-9: Building] INFO  o.e.m.c.i.embedder.EclipseLogger - Copying 1 resource
2022-11-26 21:32:13,799 [Worker-9: Building] INFO  o.e.m.c.i.embedder.EclipseLogger - Copying 0 resource
2022-11-26 21:32:13,807 [Worker-9: Building] INFO  o.e.m.c.i.embedder.EclipseLogger - Using 'UTF-8' encoding to copy filtered resources.
2022-11-26 21:32:13,807 [Worker-9: Building] INFO  o.e.m.c.i.embedder.EclipseLogger - Using 'UTF-8' encoding to copy filtered properties files.
2022-11-26 21:32:13,807 [Worker-9: Building] INFO  o.e.m.c.i.embedder.EclipseLogger - skip non existing resourceDirectory C:\Users\Rupesh\Desktop\Online_cab_Booking\Online_Cab_Booking_System\src\test\resources
2022-11-26 21:33:47,543 [Worker-2: Launching Online_Cab_Booking_System - OnlineCabBookingSystemApplication] INFO  o.e.m.c.i.embedder.EclipseLogger - Using 'UTF-8' encoding to copy filtered resources.
2022-11-26 21:33:47,544 [Worker-2: Launching Online_Cab_Booking_System - OnlineCabBookingSystemApplication] INFO  o.e.m.c.i.embedder.EclipseLogger - Using 'UTF-8' encoding to copy filtered properties files.
2022-11-26 21:33:47,546 [Worker-2: Launching Online_Cab_Booking_System - OnlineCabBookingSystemApplication] INFO  o.e.m.c.i.embedder.EclipseLogger - Copying 1 resource
2022-11-26 21:33:47,562 [Worker-2: Launching Online_Cab_Booking_System - OnlineCabBookingSystemApplication] INFO  o.e.m.c.i.embedder.EclipseLogger - Copying 0 resource
2022-11-26 21:33:47,571 [Worker-2: Launching Online_Cab_Booking_System - OnlineCabBookingSystemApplication] INFO  o.e.m.c.i.embedder.EclipseLogger - Using 'UTF-8' encoding to copy filtered resources.
2022-11-26 21:33:47,572 [Worker-2: Launching Online_Cab_Booking_System - OnlineCabBookingSystemApplication] INFO  o.e.m.c.i.embedder.EclipseLogger - Using 'UTF-8' encoding to copy filtered properties files.
2022-11-26 21:33:47,572 [Worker-2: Launching Online_Cab_Booking_System - OnlineCabBookingSystemApplication] INFO  o.e.m.c.i.embedder.EclipseLogger - skip non existing resourceDirectory C:\Users\Rupesh\Desktop\Online_cab_Booking\Online_Cab_Booking_System\src\test\resources
2022-11-26 21:35:20,107 [Worker-8: Building] INFO  o.e.m.c.i.embedder.EclipseLogger - Using 'UTF-8' encoding to copy filtered resources.
2022-11-26 21:35:20,107 [Worker-8: Building] INFO  o.e.m.c.i.embedder.EclipseLogger - Using 'UTF-8' encoding to copy filtered properties files.
2022-11-26 21:35:20,108 [Worker-8: Building] INFO  o.e.m.c.i.embedder.EclipseLogger - Copying 1 resource
2022-11-26 21:35:20,120 [Worker-8: Building] INFO  o.e.m.c.i.embedder.EclipseLogger - Copying 0 resource
2022-11-26 21:35:20,124 [Worker-8: Building] INFO  o.e.m.c.i.embedder.EclipseLogger - Using 'UTF-8' encoding to copy filtered resources.
2022-11-26 21:35:20,124 [Worker-8: Building] INFO  o.e.m.c.i.embedder.EclipseLogger - Using 'UTF-8' encoding to copy filtered properties files.
2022-11-26 21:35:20,125 [Worker-8: Building] INFO  o.e.m.c.i.embedder.EclipseLogger - skip non existing resourceDirectory C:\Users\Rupesh\Desktop\Online_cab_Booking\Online_Cab_Booking_System\src\test\resources
